(python2.7:27299): Gtk-CRITICAL **: IA__gtk_progress_configure: assertion 'value >= min && value <= max' failed
2016-10-22 13:03:12,820 - fa.check - INFO - Updating FA for map: rush me more.v0001
2016-10-22 13:03:13,362 - client._clientwindow - INFO - Outgoing JSON Message: {"relay_address": ["37.58.123.3", 65523], "command": "game_join", "uid": 5312178, "gameport": 6112}
2016-10-22 13:03:13,440 - client._clientwindow - INFO - Handling game_launch via JSON {u'args': [u'/numgames 112'], u'command': u'game_launch', u'uid': 5312178, u'mod': u'faf'}
2016-10-22 13:03:13,440 - fa.play - INFO - Play received arguments: ['/mean', '1083.26', '/deviation', '91.5406', '/country ', u'DE', '/clan', u'GDI']
2016-10-22 13:03:13,441 - fa.game_process - INFO - Running FA with info: {'recorder': u'sandwormsurfer', 'featured_mod': u'faf', 'uid': 5312178, 'launched_at': 1477134193.440811}
2016-10-22 13:03:13,441 - fa.game_process - INFO - Running FA via command:  /usr/bin/wine "/home/sws/FAForever/bin/ForgedAlliance.exe" /mean 1083.26 /deviation 91.5406 /country  DE /clan GDI /init init_faf.lua /numgames 112 /nobugreport /savereplay "gpgnet://localhost/5312178/sandwormsurfer.SCFAreplay" /gpgnet 127.0.0.1:37171
2016-10-22 13:03:13,441 - fa.game_process - INFO - Running FA via executable: /home/sws/FAForever/bin/ForgedAlliance.exe
2016-10-22 13:03:13,448 - client._clientwindow - INFO - FA has launched in an attached process.
2016-10-22 13:03:13,448 - fa.game_session.GameSession - INFO - Game has started
2016-10-22 13:03:18,022 - fa.game_session.GameSession - INFO - Game connected through GPGNet
2016-10-22 13:03:18,027 - fa.game_connection.GPGNetConnection - INFO - GC >> : GameState : [u'Idle']
2016-10-22 13:03:18,027 - fa.game_session.GameSession - INFO - Incoming GPGNet: GameState [u'Idle']
2016-10-22 13:03:18,027 - fa.game_connection.GPGNetConnection - INFO - GC<<: CreateLobby:(0, 6113, u'sandwormsurfer', 96114, 1)
2016-10-22 13:03:18,027 - fa.game_session.GameSession - INFO - Outgoing relay message GameState [u'Idle']
2016-10-22 13:03:18,027 - client._clientwindow - INFO - Outgoing JSON Message: {"args": ["Idle"], "command": "GameState", "target": "game"}
2016-10-22 13:03:18,169 - fa.game_connection.GPGNetConnection - INFO - GC >> : GameState : [u'Lobby']
2016-10-22 13:03:18,170 - fa.game_session.GameSession - INFO - Incoming GPGNet: GameState [u'Lobby']
2016-10-22 13:03:18,170 - fa.game_session.GameSession - INFO - Outgoing relay message GameState [u'Lobby']
2016-10-22 13:03:18,170 - client._clientwindow - INFO - Outgoing JSON Message: {"args": ["Lobby"], "command": "GameState", "target": "game"}
2016-10-22 13:03:18,226 - client._clientwindow - INFO - Outgoing JSON Message: {"args": ["217.248.3.98:63940", "Hello from 14493"], "command": "ProcessNatPacket", "target": "connectivity"}
2016-10-22 13:03:18,227 - connectivity.helper.ConnectivityHelper - INFO - Unknown natpacket
2016-10-22 13:03:18,284 - client._clientwindow - INFO - Outgoing JSON Message: {"args": ["217.248.3.98:63940", "Hello from 14493"], "command": "ProcessNatPacket", "target": "connectivity"}
2016-10-22 13:03:18,285 - connectivity.helper.ConnectivityHelper - INFO - Unknown natpacket
2016-10-22 13:03:18,285 - client._clientwindow - INFO - Outgoing JSON Message: {"args": ["217.248.3.98:63940", "Hello from 14493"], "command": "ProcessNatPacket", "target": "connectivity"}
2016-10-22 13:03:18,285 - connectivity.helper.ConnectivityHelper - INFO - Unknown natpacket
2016-10-22 13:03:18,344 - connectivity.relay.Relay - INFO - Allocating local relay for Commander_Cancan, 14493
2016-10-22 13:03:18,344 - fa.game_session.GameSession - INFO - Bound peer Commander_Cancan/14493 to 51879
2016-10-22 13:03:18,344 - fa.game_connection.GPGNetConnection - INFO - GC<<: JoinGame:('127.0.0.1:51879', u'Commander_Cancan', 14493)
2016-10-22 13:03:23,382 - client._clientwindow - INFO - FA has finished with exit code: 0
2016-10-22 13:03:23,382 - fa.game_session.GameSession - INFO - Game has exited with status code: 0
2016-10-22 13:03:23,383 - fa.game_session.GameSession - INFO - Outgoing relay message GameState ['Ended']
2016-10-22 13:03:23,383 - client._clientwindow - INFO - Outgoing JSON Message: {"args": ["Ended"], "command": "GameState", "target": "game"}
2016-10-22 13:03:32,436 - client._clientwindow - INFO - Close Event for Application Main Window
2016-10-22 13:03:32,438 - client._clientwindow - WARNING - Disconnected from lobby server.
2016-10-22 13:03:32,441 - __main__ - INFO - <<< --------------------------- Application Shutdown
